============================= test session starts ==============================
platform linux -- Python 3.14.0, pytest-9.0.1, pluggy-1.6.0
rootdir: /home/kbesada/Code/ScheduleFirst-AI/services
configfile: pyproject.toml
plugins: cov-7.0.0, asyncio-1.3.0, anyio-4.11.0, mock-3.15.1
asyncio: mode=Mode.AUTO, debug=False, asyncio_default_fixture_loop_scope=None, asyncio_default_test_loop_scope=function
collected 5 items

mcp_server/tests/test_cache.py .....                                     [100%]

=============================== warnings summary ===============================
mcp_server/utils/logger.py:19
mcp_server/tests/test_cache.py::test_cache_manager_integration
  /home/kbesada/Code/ScheduleFirst-AI/services/mcp_server/utils/logger.py:19: DeprecationWarning: datetime.datetime.utcnow() is deprecated and scheduled for removal in a future version. Use timezone-aware objects to represent datetimes in UTC: datetime.datetime.now(datetime.UTC).
    "timestamp": datetime.utcnow().isoformat(),

-- Docs: https://docs.pytest.org/en/stable/how-to/capture-warnings.html
======================== 5 passed, 2 warnings in 0.32s =========================
